This is pdfTeXk, Version 3.141592-1.40.3 (Web2C 7.5.6) (format=latex 2009.3.3)  4 MAR 2009 17:35
entering extended mode
 %&-line parsing enabled.
**guide01.tex
(./guide01.tex
LaTeX2e <2005/12/01>
Babel <v3.8h> and hyphenation patterns for english, usenglishmax, dumylang, noh
yphenation, loaded.
(/usr/share/texmf-texlive/tex/latex/base/article.cls
Document Class: article 2005/09/16 v1.4f Standard LaTeX document class
(/usr/share/texmf-texlive/tex/latex/base/size10.clo
File: size10.clo 2005/09/16 v1.4f Standard LaTeX file (size option)
)
\c@part=\count79
\c@section=\count80
\c@subsection=\count81
\c@subsubsection=\count82
\c@paragraph=\count83
\c@subparagraph=\count84
\c@figure=\count85
\c@table=\count86
\abovecaptionskip=\skip41
\belowcaptionskip=\skip42
\bibindent=\dimen102
) (./guide01.aux)
\openout1 = `guide01.aux'.

LaTeX Font Info:    Checking defaults for OML/cmm/m/it on input line 5.
LaTeX Font Info:    ... okay on input line 5.
LaTeX Font Info:    Checking defaults for T1/cmr/m/n on input line 5.
LaTeX Font Info:    ... okay on input line 5.
LaTeX Font Info:    Checking defaults for OT1/cmr/m/n on input line 5.
LaTeX Font Info:    ... okay on input line 5.
LaTeX Font Info:    Checking defaults for OMS/cmsy/m/n on input line 5.
LaTeX Font Info:    ... okay on input line 5.
LaTeX Font Info:    Checking defaults for OMX/cmex/m/n on input line 5.
LaTeX Font Info:    ... okay on input line 5.
LaTeX Font Info:    Checking defaults for U/cmr/m/n on input line 5.
LaTeX Font Info:    ... okay on input line 5.
LaTeX Font Info:    Try loading font information for OMS+cmr on input line 51.

(/usr/share/texmf-texlive/tex/latex/base/omscmr.fd
File: omscmr.fd 1999/05/25 v2.5h Standard LaTeX font definitions
)
LaTeX Font Info:    Font shape `OMS/cmr/m/n' in size <10> not available
(Font)              Font shape `OMS/cmsy/m/n' tried instead on input line 51.
LaTeX Font Info:    External font `cmex10' loaded for size
(Font)              <7> on input line 54.
LaTeX Font Info:    External font `cmex10' loaded for size
(Font)              <5> on input line 54.
Missing character: There is no ä in font cmr10!
 [1

] [2] [3] [4]
Overfull \hbox (4.16776pt too wide) in paragraph at lines 336--349
\OT1/cmr/m/n/10 fof-fof-foff 8th 16thof-fof-fof-fONof-fof-fof-foff 9th 16thof-f
of-fof-fof-fONof-fof-foff 10th 16thof-
 []


Overfull \hbox (5.69385pt too wide) in paragraph at lines 356--365
[]\OT1/cmr/bx/n/10 PitchDurationValve Com-bi-na-tion \OT1/cmr/m/n/10 1st noteC4
quarter0 2nd noteB3eighth2
 []


Overfull \hbox (11.24702pt too wide) in paragraph at lines 393--394
[]\OT1/cmtt/m/n/10 **Note**Pitch**Duration**Valve Combination 1st noteC4quarter
0 2nd
 []


Overfull \hbox (6.74693pt too wide) in paragraph at lines 393--394
\OT1/cmtt/m/n/10 noteB3eighth2 3rd noteG4eighth0 4th noteF4eighth1 5th noteG4ei
ghth0
 []


Overfull \hbox (17.24684pt too wide) in paragraph at lines 393--394
\OT1/cmtt/m/n/10 6th noteA4quarter1-2 7th noteG4eighth0 8th noteAb4quarter2-3 *
-*-*-*- 
 []

[5] [6]
LaTeX Font Info:    Try loading font information for OMS+cmtt on input line 554
.
LaTeX Font Info:    No file OMScmtt.fd. on input line 554.


LaTeX Font Warning: Font shape `OMS/cmtt/m/n' undefined
(Font)              using `OMS/cmsy/m/n' instead
(Font)              for symbol `textbraceleft' on input line 554.


Overfull \hbox (0.74712pt too wide) in paragraph at lines 585--586
[]\OT1/cmtt/m/n/10 yank -s '*>Coda' Cui | yank -o ^= -r 1,$ | midi | perform -t
 .5 
 []


Overfull \hbox (5.99707pt too wide) in paragraph at lines 616--617
[]\OT1/cmtt/m/n/10 solfa file | extract -i '**solfa' | ditto | grep '6-.*4+' | 
grep
 []


Overfull \hbox (42.74675pt too wide) in paragraph at lines 655--656
[]\OT1/cmtt/m/n/10 echo P5 > P5 echo '= *' >> P5; echo P5 >> P5 extract -i '*Ib
ass,*Ialto'
 []

[7] [8] (./guide01.aux)

LaTeX Font Warning: Some font shapes were not available, defaults substituted.

 ) 
Here is how much of TeX's memory you used:
 239 strings out of 95087
 2674 string characters out of 1183279
 48944 words of memory out of 1500000
 3488 multiletter control sequences out of 10000+50000
 5672 words of font info for 21 fonts, out of 1200000 for 2000
 28 hyphenation exceptions out of 8191
 23i,5n,19p,157b,175s stack positions out of 5000i,500n,6000p,200000b,5000s

Output written on guide01.dvi (8 pages, 27232 bytes).
